<?xml version="1.0" encoding="UTF-8"?>
<!-- Generated by org.testng.reporters.JUnitReportReporter -->
<testsuite skipped="0" hostname="eday" name="com.Devops.QADEVOPS.TestClass1" tests="3" failures="0" timestamp="04 May 2021 15:37:41 GMT" time="12.144" errors="0">
  <testcase name="Test1" time="4.305" classname="com.Devops.QADEVOPS.TestClass1"/>
  <testcase name="Test3" time="3.902" classname="com.Devops.QADEVOPS.TestClass1"/>
  <testcase name="Test2" time="3.937" classname="com.Devops.QADEVOPS.TestClass1"/>
</testsuite> <!-- com.Devops.QADEVOPS.TestClass1 -->
