<?xml version="1.0" encoding="UTF-8"?>
<!-- Generated by org.testng.reporters.JUnitReportReporter -->
<testsuite skipped="0" hostname="eday" name="TestCases.TestCase" tests="3" failures="0" timestamp="09 May 2021 21:33:31 GMT" time="13.480" errors="0">
  <testcase name="TestCase3" time="4.022" classname="TestCases.TestCase"/>
  <testcase name="TestCase2" time="4.004" classname="TestCases.TestCase"/>
  <testcase name="TestCase1" time="5.454" classname="TestCases.TestCase"/>
</testsuite> <!-- TestCases.TestCase -->
