<?xml version="1.0" encoding="UTF-8"?>
<!-- Generated by org.testng.reporters.JUnitReportReporter -->
<testsuite skipped="0" hostname="eday" name="TestCases.TestCase" tests="4" failures="0" timestamp="09 May 2021 19:56:52 GMT" time="31.170" errors="0">
  <testcase name="TestCase3" time="8.542" classname="TestCases.TestCase"/>
  <testcase name="TestCase1" time="7.626" classname="TestCases.TestCase"/>
  <testcase name="TestCase2" time="7.294" classname="TestCases.TestCase"/>
  <testcase name="TestCase4" time="7.708" classname="TestCases.TestCase"/>
</testsuite> <!-- TestCases.TestCase -->
