<?xml version="1.0" encoding="UTF-8"?>
<!-- Generated by org.testng.reporters.JUnitReportReporter -->
<testsuite skipped="0" hostname="eday" name="com.Devops.QADEVOPS.TestClass1" tests="3" failures="0" timestamp="04 May 2021 15:40:14 GMT" time="12.233" errors="0">
  <testcase name="Test3" time="3.951" classname="com.Devops.QADEVOPS.TestClass1"/>
  <testcase name="Test2" time="4.427" classname="com.Devops.QADEVOPS.TestClass1"/>
  <testcase name="Test1" time="3.855" classname="com.Devops.QADEVOPS.TestClass1"/>
</testsuite> <!-- com.Devops.QADEVOPS.TestClass1 -->
